Starting debug run at 2026-02-12T05:37:38.479Z
STDOUT: 
> rajvansee-luxury-store@0.0.0 dev
> vite


STDOUT: 
  [32m[1mVITE[22m v5.4.21[39m  [2mready in [0m[1m450[22m[2m[0m ms[22m


STDOUT:   [32m➜[39m  [1mLocal[22m:   [36mhttp://localhost:[1m5173[22m/[39m
[2m  [32m➜[39m  [1mNetwork[22m[2m: use [22m[1m--host[22m[2m to expose[22m

STDERR: ^C
STDERR: ^C
Starting debug run at 2026-02-12T13:34:03.008Z
STDOUT: 
> rajvansee-luxury-store@0.0.0 dev
> vite


STDOUT: 
  [32m[1mVITE[22m v5.4.21[39m  [2mready in [0m[1m364[22m[2m[0m ms[22m


STDOUT:   [32m➜[39m  [1mLocal[22m:   [36mhttp://localhost:[1m5173[22m/[39m
[2m  [32m➜[39m  [1mNetwork[22m[2m: use [22m[1m--host[22m[2m to expose[22m

Starting debug run at 2026-02-12T17:17:00.185Z
STDOUT: 
> rajvansee-luxury-store@0.0.0 dev
> vite


STDOUT: Port 5173 is in use, trying another one...

STDOUT: 
  [32m[1mVITE[22m v5.4.21[39m  [2mready in [0m[1m334[22m[2m[0m ms[22m


STDOUT:   [32m➜[39m  [1mLocal[22m:   [36mhttp://localhost:[1m5174[22m/[39m
[2m  [32m➜[39m  [1mNetwork[22m[2m: use [22m[1m--host[22m[2m to expose[22m

